"\002\000\n\000S\000n\000e\000a\000k\000y\000D\000e\000a\000n"
"\001\000\000\000\021\000\n\000S\000n\000e\000a\000k\000y\000D\000e\000a\000n\000\000\000\000\000\000\000\000\000\000\000\000\000\000\000\000"
"\r\300WL\000\000\000\000\000@I\000\000\000\000\000\000@I\317\\)\000\000\000@l\334\000\000\000\000\000\302,\003rA\207\231\243\000"
"\r\300WL\000\000\000\000\000@I\000\000\000\000\000\000@I\317\\)\000\000\000@l\334\000\000\000\000\000\302,\003rA\207\231\243\000"
"\v\300WL\000\000\000\000\000@H\365\366\375\036\270R@I\305S&\036\270R@l\334\000\000\000\000\000\000\v\300WL\000\000\000\000\000@H\342\030X\257_\325@I\261t\201\257_\325@l\334\000\000\000\000\000\000\v\300WL\000\000\000\000\000@H\304\226l\3647\240@I\223\362\225\3647\240@l\334\000\000\000\000\000\000\v\300WL\000\000\000\000\000@H\235\242\222ap\344@Il\376\273ap\344@l\334\000\000\000\000\000\000\v\300WL\000\000\000\000\000@Hmm$\305\"\250@I<\311M\305\"\250@l\334\000\000\000\000\000\000\v\300WL\000\000\000\000\000@H4%\210T\331^@I\003\201\261T\331^@l\334\000\000\000\000\000\000"
"\v\300WL\000\000\000\000\000@G\361\372.\241Gn@H\301VW\241Gn@l\334\000\000\000\000\000\000"
"\v\300WL\000\000\000\000\000@G\247\030\233p\233.@Hvt\304p\233.@l\334\000\000\000\000\000\000"
"\v\300WL\000\000\000\000\000@G\200\000\000\000\000\000@HO\\)\000\000\000@l\334\000\000\000\000\000\001\r\300WL\000\000\000\000\000@I\000\000\000\000\000\000@I\317\\)\000\000\000@l\334\000\000\000\000\000\302,\003rA\207\231\243\000"
"\v\300WL\000\000\000\000\000@I\000\000\000\000\000\000@I\317\\)\000\000\000@l\334\000\000\000\000\000\000"
"\n\001"
"\n\001"
"\n\001"
"\n\001"
"\n\001"
"\n\001"
"\n\001\000\357\a\357\024"
"\n\001"
"\n\001"
"\n\001"
"\n\001"
"\n\001"
"\n\001"
"\n\001"
"\n\001"
"\n\001"
"\n\001"
"\n\001"
"\n\001"
"\n\001"
"\n\001"
"\n\001"
"\n\001"
"\n\001"
"\f\302$\320?A\2513<\001"
"\f\302\027\235\vA\325\231\243\001"
"\f\302\016\003qA\3673=\001"
"\f\301\371:\025B\03538\001\000\243z\213\230"
"\f\301\363:\025B7\000\004\001"
"\f\302\0066\244BNfj\001"
"\f\302\023i\330Ba\231\236\001"
"\f\3021i\330B\201L\317\001"
"\f\302i6\245B\214\2635\001"
"\f\302\214N\206B\223\346h\001"
"\f\302\250\316\207B\226\346h\001"
"\f\302\277\233TB\225fh\001"
"\f\302\341\316\207B\21635\001"
"\f\302\377\316\207B\207L\317\001"
"\f\303\023\032wB{fj\001"
"\f\303\e\r\252Bs\000\004\001"
"\f\303\e\315\252Bq37\001"
"\f\303\034\332wBk\314\321\001"
"\f\303\035\347DBd\000\004\001"
"\f\303\036\r\252B`fk\001"
"\f\303\036\r\252B]fk\001"
"\f\303\036\r\252BY38\001"
"\n\001"
"\n\001"
"\f\303\eZwBTfk\001"
"\000\341\220<d"
"\f\303\032\000\335BR\000\004\001"
"\n\001"
"\n\001"
"\n\001"
"\n\001"
"\n\001"
"\n\001"
"\n\001"
"\n\001"
"\n\001"
"\n\001"
"\n\001"
"\n\001"
"\n\001"
"\n\001"
"\n\001"
"\n\001"
"\n\001"
"\n\001"
"\022\000\000\n\235\001\016\000\377\377\377\2431\000\000\000\345\001"
"\022\000\000\n\235\001\n\001"
"\022\000\000\n\235\001\n\001"
"\000]\326E\030"
"\022\000\000\n\235\001\n\001"
"\022\000\000\n\235\001\n\001"
"\022\000\000\n\235\001\n\001"
"\022\000\000\n\235\001"
"\n\001"
"\022\000\000\n\235\001\n\001"
"\022\000\000\n\235\001\n\001"
"\022\000\000\n\235\001\n\001"
"\016\002\377\377\377\2431\000\000\000\345\001"
"\022\000\000\n\235\001\n\001"
"\022\000\000\n\235\001\n\001"
"\022\000\000\n\235\001\n\001"
"\022\000\000\n\235\001\n\001"
"\022\000\000\n\235\001\n\001"
"\022\000\000\n\235\001\n\001"
"\016\000\377\377\377\2430\000\000\000\345\001\022\000\000\n\235\001\n\001"
"\022\000\000\n\235\001\n\001"
"\022\000\000\n\235\001\n\001"
"\022\000\000\n\235\001\n\001"
"\022\000\000\n\235\001\n\001"
"\n\001"
"\n\001"
"\n\001\000C\363\020\317"
"\n\001"
"\n\001"
"\n\001"
"\n\001"
"\n\001"
"\n\001"
"\n\001"
"\n\001"
"\n\001"
"\n\001"
"\n\001"
"\n\001"
"\n\001"
"\n\001"
"\n\001"
"\n\001"
"\n\001"
"\n\001"
"\n\001"
"\n\001"
"\n\001"
"\n\001"
"\n\001"
"\n\001"
"\000N\270\3027"
"\n\001"
"\n\001"
"\n\001"
"\377\000\b\000Q\000u\000i\000t\000t\000i\000n\000g"