"\002\000\n\000S\000n\000e\000a\000k\000y\000D\000e\000a\000n"
"\001\000\000\000\021\000\n\000S\000n\000e\000a\000k\000y\000D\000e\000a\000n\000\000\000\000\000\000\000\000\000\000\000\000\000\000\000\000"
"\r@!\000\000\000\000\000\000@P@\000\000\000\000\000@P\247\256\024\200\000\000@!\000\000\000\000\000\000\3034\000\000\000\000\000\000\000\v@!\000\000\000\000\000\000@P:\373~\217\\)@P\242\251\223\017\\)@!\000\000\000\000\000\000\000"
"\v@!\000\000\000\000\000\000@P1\f,W\257\352@P\230\272@\327\257\352@!\000\000\000\000\000\000\000"
"\v@!\000\000\000\000\000\000@P\"K6z\e\320@P\211\371J\372\e\320@!\000\000\000\000\000\000\000"
"\v@!\000\000\000\000\000\000@P\016\321I0\270r@Pv\177]\260\270r@!\000\000\000\000\000\000\000"
"\v@!\000\000\000\000\000\000@O\355m$\305\"\250@P^d\246\342\221T@!\000\000\000\000\000\000\000"
"\v@!\000\000\000\000\000\000@O\264%\210T\331^@PA\300\330\252l\257@!\000\000\000\000\000\000\000"
"\v@!\000\000\000\000\000\000@Oq\372.\241Gn@P \253+\320\243\267@!\000\000\000\000\000\000\000"
"\v@!\000\000\000\000\000\000@O'\030\233p\233.@O\366t\304p\233.@!\000\000\000\000\000\000\000"
"\v@!\000\000\000\000\000\000@N\323\255i\177\374\034@O\243\t\222\177\374\034@!\000\000\000\000\000\000\000"
"\v@!\000\000\000\000\000\000@Nw\344O,\256\217@OG@x,\256\217@!\000\000\000\000\000\000\000"
"\v@!\000\000\000\000\000\000@N\023\350#\005Z\207@N\343DL\005Z\207@!\000\000\000\000\000\000\000"
"\v@!\000\000\000\000\000\000@M\247\342\340C\357\315@Nw?\tC\357\315@!\000\000\000\000\000\000\000"
"\v@!\000\000\000\000\000\000@M3\375\2530\237 @N\003Y\3240\237 @!\000\000\000\000\000\000\000"
"\v@!\000\000\000\000\000\000@L\270`\325n]\302@M\207\274\376n]\302@!\000\000\000\000\000\000\000"
"\v@!\000\000\000\000\000\000@L53\3421fd@M\004\220\v1fd@!\000\000\000\000\000\000\000"
"\v@!\000\000\000\000\000\000@K\252\235\212`(%@Ly\371\263`(%@!\000\000\000\000\000\000\000"
"\v@!\000\000\000\000\000\000@K\030\303\300\237\022\023@K\350\037\351\237\022\023@!\000\000\000\000\000\000\000"
"\000\000\000\000\000"
"\v@!\000\000\000\000\000\000@J\177\313\265G\247e@KO'\336G\247e@!\000\000\000\000\000\000\000"
"\v@!\000\000\000\000\000\000@I\337\331\332KF\203@J\2576\003KF\203@!\000\000\000\000\000\000\000"
"\v@!\000\000\000\000\000\000@I9\021\347\002\n\320@J\bn\020\002\n\320@!\000\000\000\000\000\000\000"
"\v@!\000\000\000\000\000\000@H\213\226\333\346/\v@IZ\363\004\346/\v@!\000\000\000\000\000\000\000"
"\v@!\000\000\000\000\000\000@G\327\213\006<T\#@H\246\347/<T\#@!\000\000\000\000\000\000\000"
"\v@!\000\000\000\000\000\000@G\035\020\003\251\016M@G\354l,\251\016M@!\000\000\000\000\000\000\000"
"\v@!\000\000\000\000\000\000@F\\F\305\264\030B@G+\242\356\264\030B@!\000\000\000\000\000\000\000"
"\v@!\000\000\000\000\000\000@E\225O\2259\212\224@Fd\253\2769\212\224@!\000\000\000\000\000\000\000"
"\v@!\000\000\000\000\000\000@D\310J\025\311s1@E\227\246>\311s1@!\000\000\000\000\000\000\000"
"\v@!\000\000\000\000\000\000@C\365UH\366'P@D\304\261q\366'P@!\000\000\000\000\000\000\000"
"\v@!\000\000\000\000\000\000@C\034\217\221\221\2508@C\353\353\272\221\2508@!\000\000\000\000\000\000\000"
"\v@!\000\000\000\000\000\000@B>\026\266\332q\204@C\rr\337\332q\204@!\000\000\000\000\000\000\000"
"\v@!\000\000\000\000\000\000@AZ\a\347\230\005\340@B)d\020\230\005\340@!\000\000\000\000\000\000\000"
"\v@!\000\000\000\000\000\000@@p\177\275'\215h@A?\333\346'\215h@!\000\000\000\000\000\000\000"
"\v@!\000\000\000\000\000\000@?\0034|\361\256\227@@P\366gx\327L@!\000\000\000\000\000\000\000"
"\v@!\000\000\000\000\000\000@=\032\345\305\370\035,@>\271\236\027\370\035,@!\000\000\000\000\000\000\000"
"\v@!\000\000\000\000\000\000@;(I+\000\340\377@<\307\001}\000\340\377@!\000\000\000\000\000\000\000"
"\v@!\000\000\000\000\000\000@9+\223n\b\241\375@:\312K\300\b\241\375@!\000\000\000\000\000\000\000"
"\v@!\000\000\000\000\000\000@7$\370B\355q\304@8\303\260\224\355q\304@!\000\000\000\000\000\000\000"
"\v@!\000\000\000\000\000\000@5\024\252T\325\316K@6\263b\246\325\316K@!\000\000\000\000\000\000\000"
"\000\000\000\000\000"
"\v@!\000\000\000\000\000\000@2\372\333K{\373\215@4\231\223\235{\373\215@!\000\000\000\000\000\000\000"
"\v@!\000\000\000\000\000\000@0\327\273\320^A\320@2vt\"^A\320@!\000\000\000\000\000\000\000"
"\v@!\000\000\000\000\000\000@-V\367'\2516\241@0J3\345\324\233P@!\000\000\000\000\000\000\000"
"\v@!\000\000\000\000\000\000@(\354\222\244\030\262\264@,*\003H\030\262\264@!\000\000\000\000\000\000\000"
"\v@!\000\000\000\000\000\000@$p\245\257\324\214!@'\256\026S\324\214!@!\000\000\000\000\000\000\000"
"\v@!\000\000\000\000\000\000@\037\307\024\037O\026H@# \372\263\247\213$@!\000\000\000\000\000\000\000"
"\v@!\000\000\000\000\000\000@\026\213/y}\331\264@\035\006\020\301}\331\264@!\000\000\000\000\000\000\000"
"\v@!\000\000\000\000\000\000@\n\\\223\267nw$@\023\251+#\267;\222@!\000\000\000\000\000\000\000"
"\v@!\000\000\000\000\000\000?\355\210b\005F>\030@\004W\333\021Q\217\206@!\000\000\000\000\000\000\000"
"\v@!\000\000\000\000\000\000\277\367\257\216\370\260\270V?\301\337\261:z=P@!\000\000\000\000\000\000\000"
"\v@!\000\000\000\000\000\000\300\017O\307\256I\270\347\300\002Z\005\036I\270\347@!\000\000\000\000\000\000\000"
"\v@!\000\000\000\000\000\000\300\031\202T\377\207\355\303\300\023\as\267\207\355\303@!\000\000\000\000\000\000\000"
"\v@!\000\000\000\000\000\000\300!\275M\255s\236E\300\034\377\272\022\347<\212@!\000\000\000\000\000\000\000"
"\v@!\000\000\000\000\000\000\300&\310\017\025kR\260\300#\212\236qkR\260@!\000\000\000\000\000\000\000"
"\v@!\000\000\000\000\000\000\300+\341#\337{\035\214\300(\243\263;{\035\214@!\000\000\000\000\000\000\000"
"\v@!\000\000\000\000\000\000\3000\204!YS\214\212\300-\312\322\016\247\031\024@!\000\000\000\000\000\000\000"
"\v@!\000\000\000\000\000\000\3003\036\221\326\276\270>\3001\177\331\204\276\270>@!\000\000\000\000\000\000\000"
"\r\300Wh\000\000\000\000\000@I\000\000\000\000\000\000@I\317\\)\000\000\000@l\316\000\000\000\000\000C\035\262:B\0353@\000"
"\r\300Wh\000\000\000\000\000@I\000\000\000\000\000\000@I\317\\)\000\000\000@l\316\000\000\000\000\000C\035\262:B\0353@\000"
"\v\300Wh\000\000\000\000\000@H\365\366\375\036\270R@I\305S&\036\270R@l\316\000\000\000\000\000\000"
"\v\300Wh\000\000\000\000\000@H\342\030X\257_\325@I\261t\201\257_\325@l\316\000\000\000\000\000\000"
"\v\300Wh\000\000\000\000\000@H\304\226l\3647\240@I\223\362\225\3647\240@l\316\000\000\000\000\000\000\r\300Wh\000\000\000\000\000@I\000\000\000\000\000\000@I\317\\)\000\000\000@l\316\000\000\000\000\000C\035\262:B\0353@\000"
"\v\300Wh\000\000\000\000\000@I\000\000\000\000\000\000@I\317\\)\000\000\000@l\316\000\000\000\000\000\000\n\001\n\001"
"\n\001"
"\n\001"
"\n\001"
"\n\001"
"\n\001\000\t_\200\317"
"\n\001"
"\n\001"
"\n\001"
"\n\001"
"\n\001"
"\n\001\000\005&\255\255"
"\n\001"
"\n\001"
"\n\001"
"\fC\036\345mB\034\231\246\001"
"\fC)\330\240B\025fs\001\000v \333 \n\001"
"\fC?%mB\tfs\001"
"\fCE%mB\a\000\r\001"
"\fCO\362:A\376f\201\001"
"\fCS\213\323A\372\314\350\001"
"\n\001"
"\n\001"
"\n\001"
"\n\001"
"\n\001"
"\n\001"
"\n\001"
"\n\001"
"\n\001"
"\fCP\330\240A\371\231\265\001"
"\fCK\345mA\3613N\001"
"\fCG\377\006A\352\000\e\001"
"\fCE\230\240A\346f\201\001"
"\fCC\313\323A\341\231\264\001"
"\fCBr9A\336\000\032\001"
"\fC=\313\322A\326\314\346\001"
"\000^\f\203\362\n\001\n\001"
"\fC+\177\005A\311\231\263\001"
"\fC)\2628A\310f\200\001"
"\fC#?\005A\3013M\001"
"\fC\017\230\237A\267\231\263\001"
"\fC\r\v\322A\2653M\001"
"\n\001"
"\n\001"
"\n\001"
"\n\001"
"\n\001\n\001"
"\fC\022K\322A\262\314\347\001"
"\fC\022\230\236A\262\314\347\001"
"\n\001"
"\022\000\000\006O\001\016\000\377\377\377\2412\000\000\000\344\003\022\000\000\006O\001\n\001"
"\022\000\000\006O\001\fC\024ekA\261\231\264\001"
"\022\000\000\006O\001\fC\025%kA\260f\201\001"
"\022\000\000\006O\001\fC\026\v\322A\2573N\001"
"\022\000\000\006O\001\fC\027\030\237A\256\000\e\001"
"\000\334\373\340w"
"\022\000\000\006O\001\fC\030%lA\253\231\265\001"
"\022\000\000\006O\001\fC\030K\322A\253\231\265\001"
"\022\000\000\006O\001\n\001"
"\022\000\000\006O\001\n\001"
"\022\000\000\006O\001\n\001"
"\022\000\000\006O\001\n\001"
"\022\000\000\006O\001\n\001"
"\022\000\000\006O\001\n\001"
"\022\000\000\006O\001\n\001"
"\016\002\377\377\377\2412\000\000\000\344\003\022\000\000\006O\001\n\001"
"\022\000\000\006O\001\n\001"
"\022\000\000\006O\001\n\001"
"\022\000\000\006O\001\n\001"
"\022\000\000\006O\001\n\001"
"\022\000\000\006O\001\n\001"
"\016\000\377\377\377\2412\000\000\000\343\003\022\000\000\006O\001\n\001"
"\022\000\000\006O\001\n\001"
"\fC\03128A\253\231\265\001"
"\n\001"
"\fC'\230\236A\266f\202\001"
"\fC2\330\236A\276\314\351\001\000\0026\241\213"
"\fC7\313\321A\303\231\265\001"
"\fC:\177\004A\304\314\350\001"
"\fC<K\321A\304\314\350\001"
"\n\001"
"\022\000\000\006O\001\016\000\377\377\377\2422\000\000\000\344\003\022\000\000\006O\001\fC<\345kA\304\314\350\001"
"\022\000\000\006O\001\n\001"
"\022\000\000\006O\001\n\001"
"\022\000\000\006O\001\n\001"
"\022\000\000\006O\001\n\001"
"\022\000\000\006O\001\n\001"
"\022\000\000\006O\001\n\001"
"\022\000\000\006O\001\n\001"
"\022\000\000\006O\001\n\001"
"\022\000\000\006O\001\n\001"
"\022\000\000\006O\001\n\001"
"\022\000\000\006O\001\n\001"
"\022\000\000\006O\001\n\001"
"\022\000\000\006O\001\n\001"
"\016\002\377\377\377\2422\000\000\000\344\003\022\000\000\006O\001\n\001"
"\022\000\000\006O\001\n\001"
"\022\000\000\006O\001\n\001"
"\022\000\000\006O\001\n\001\000m\304\242_"
"\022\000\000\006O\001\n\001"
"\022\000\000\006O\001\n\001"
"\016\000\377\377\377\2422\000\000\000\343\003\022\000\000\006O\001\n\001"
"\022\000\000\006O\001\n\001"
"\022\000\000\006O\001\n\001"
"\022\000\000\006O\001\n\001"
"\022\000\000\006O\001\n\001"
"\022\000\000\006O\001\n\001"
"\n\001"
"\n\001"
"\n\001"
"\n\001"
"\n\001"
"\n\001"
"\n\001"
"\n\001"
"\n\001"
"\n\001"
"\n\001"
"\n\001"
"\n\001"
"\000g\353\332|"
"\n\001"
"\n\001"
"\n\001"
"\n\001"
"\n\001"
"\n\001"
"\n\001"
